<?xml version="1.0" encoding="UTF-8" ?>
<testsuite tests="1" failures="0" name="com.training.AppTest" time="0.001" errors="0" skipped="0">
  <properties>
    <property name="java.vendor" value="Oracle Corporation"/>
    <property name="JOB_NAME" value="simplemavenproject"/>
    <property name="PWD" value="/home/train/Downloads"/>
    <property name="HTTP_PROXY" value="http://10.19.16.165:8080"/>
    <property name="sun.java.launcher" value="SUN_STANDARD"/>
    <property name="GTK_IM_MODULE" value="gtk-im-context-simple"/>
    <property name="sun.management.compiler" value="HotSpot 64-Bit Tiered Compilers"/>
    <property name="JENKINS_HOME" value="/home/train/.jenkins"/>
    <property name="PATH" value="/usr/lib/jvm/java-1.8.0-openjdk-1.8.0.212.b04-0.el7_6.x86_64/bin:/usr/lib/jvm/java-1.8.0-openjdk-1.8.0.212.b04-0.el7_6.x86_64/bin:/home/train/Downloads/apache-maven-3.6.1/bin:/usr/lib/jvm/java-1.8.0-openjdk-1.8.0.212.b04-0.el7_6.x86_64/bin:/home/train/Downloads/apache-maven-3.6.1/bin:/usr/lib/jvm/java-1.8.0-openjdk-1.8.0.212.b04-0.el7_6.x86_64/bin:/home/train/Downloads/apache-maven-3.6.1/bin:/usr/lib/jvm/java-1.8.0-openjdk-1.8.0.212.b04-0.el7_6.x86_64/bin:/home/train/Downloads/apache-maven-3.6.1/bin:/sbin:/bin:/usr/bin:/usr/local/bin:/usr/local/sbin:/usr/sbin:/home/train/.local/bin:/home/train/bin:/home/train/.local/bin:/home/train/bin:/usr/lib/jvm/java-1.8.0-openjdk-1.8.0.212.b04-0.el7_6.x86_64/bin:/usr/share/maven/bin:/home/train/.local/bin:/home/train/bin"/>
    <property name="HUDSON_SERVER_COOKIE" value="bf6911f5003af58b"/>
    <property name="ALL_PROXY" value="socks://10.19.16.165:8080/"/>
    <property name="os.name" value="Linux"/>
    <property name="sun.boot.class.path" value="/usr/lib/jvm/java-1.8.0-openjdk-1.8.0.212.b04-0.el7_6.x86_64/jre/lib/resources.jar:/usr/lib/jvm/java-1.8.0-openjdk-1.8.0.212.b04-0.el7_6.x86_64/jre/lib/rt.jar:/usr/lib/jvm/java-1.8.0-openjdk-1.8.0.212.b04-0.el7_6.x86_64/jre/lib/sunrsasign.jar:/usr/lib/jvm/java-1.8.0-openjdk-1.8.0.212.b04-0.el7_6.x86_64/jre/lib/jsse.jar:/usr/lib/jvm/java-1.8.0-openjdk-1.8.0.212.b04-0.el7_6.x86_64/jre/lib/jce.jar:/usr/lib/jvm/java-1.8.0-openjdk-1.8.0.212.b04-0.el7_6.x86_64/jre/lib/charsets.jar:/usr/lib/jvm/java-1.8.0-openjdk-1.8.0.212.b04-0.el7_6.x86_64/jre/lib/jfr.jar:/usr/lib/jvm/java-1.8.0-openjdk-1.8.0.212.b04-0.el7_6.x86_64/jre/classes"/>
    <property name="EXECUTOR_NUMBER" value="1"/>
    <property name="sun.desktop" value="gnome"/>
    <property name="XDG_DATA_DIRS" value="/home/train/.local/share/flatpak/exports/share:/var/lib/flatpak/exports/share:/usr/local/share:/usr/share"/>
    <property name="java.vm.specification.vendor" value="Oracle Corporation"/>
    <property name="XDG_RUNTIME_DIR" value="/run/user/1000"/>
    <property name="NODE_LABELS" value="master"/>
    <property name="java.runtime.version" value="1.8.0_212-b04"/>
    <property name="UID" value="1000"/>
    <property name="user.name" value="train"/>
    <property name="HISTCONTROL" value="ignoredups"/>
    <property name="XRDP_SESSION" value="1"/>
    <property name="guice.disable.misplaced.annotation.check" value="true"/>
    <property name="SSH_AGENT_PID" value="14588"/>
    <property name="user.language" value="en"/>
    <property name="JOB_BASE_NAME" value="simplemavenproject"/>
    <property name="RUN_CHANGES_DISPLAY_URL" value="http://localhost:9090/job/simplemavenproject/1/display/redirect?page=changes"/>
    <property name="BUILD_DISPLAY_NAME" value="#1"/>
    <property name="sun.boot.library.path" value="/usr/lib/jvm/java-1.8.0-openjdk-1.8.0.212.b04-0.el7_6.x86_64/jre/lib/amd64"/>
    <property name="GNOME_TERMINAL_SERVICE" value=":1.106"/>
    <property name="DISPLAY" value=":11.0"/>
    <property name="java.version" value="1.8.0_212"/>
    <property name="user.timezone" value="Asia/Kolkata"/>
    <property name="sun.arch.data.model" value="64"/>
    <property name="NODE_NAME" value="master"/>
    <property name="TERM" value="xterm-256color"/>
    <property name="java.endorsed.dirs" value="/usr/lib/jvm/java-1.8.0-openjdk-1.8.0.212.b04-0.el7_6.x86_64/jre/lib/endorsed"/>
    <property name="BUILD_ID" value="1"/>
    <property name="sun.cpu.isalist" value=""/>
    <property name="sun.jnu.encoding" value="UTF-8"/>
    <property name="file.encoding.pkg" value="sun.io"/>
    <property name="SHELL" value="/bin/bash"/>
    <property name="file.separator" value="/"/>
    <property name="java.specification.name" value="Java Platform API Specification"/>
    <property name="maven.conf" value="/home/train/Downloads/apache-maven-3.6.1/conf"/>
    <property name="java.class.version" value="52.0"/>
    <property name="org.slf4j.simpleLogger.defaultLogLevel" value="info"/>
    <property name="user.country" value="US"/>
    <property name="securerandom.source" value="file:/dev/./urandom"/>
    <property name="java.home" value="/usr/lib/jvm/java-1.8.0-openjdk-1.8.0.212.b04-0.el7_6.x86_64/jre"/>
    <property name="java.vm.info" value="mixed mode"/>
    <property name="LESSOPEN" value="||/usr/bin/lesspipe.sh %s"/>
    <property name="os.version" value="3.10.0-957.12.2.el7.x86_64"/>
    <property name="FTP_PROXY" value="http://10.19.16.165:8080/"/>
    <property name="SESSION_MANAGER" value="local/unix:@/tmp/.ICE-unix/14207,unix/unix:/tmp/.ICE-unix/14207"/>
    <property name="RUN_DISPLAY_URL" value="http://localhost:9090/job/simplemavenproject/1/display/redirect"/>
    <property name="sun.font.fontmanager" value="sun.awt.X11FontManager"/>
    <property name="path.separator" value=":"/>
    <property name="java.vm.version" value="25.212-b04"/>
    <property name="JOB_DISPLAY_URL" value="http://localhost:9090/job/simplemavenproject/display/redirect"/>
    <property name="XRDP_PULSE_SINK_SOCKET" value="xrdp_chansrv_audio_out_socket_11"/>
    <property name="SHLVL" value="2"/>
    <property name="QT_IM_MODULE" value="xim"/>
    <property name="_" value="/usr/lib/jvm/java-1.8.0-openjdk-1.8.0.212.b04-0.el7_6.x86_64/bin/java"/>
    <property name="java.awt.printerjob" value="sun.print.PSPrinterJob"/>
    <property name="JAVA_HOME" value="/usr/lib/jvm/java-1.8.0-openjdk-1.8.0.212.b04-0.el7_6.x86_64"/>
    <property name="sun.io.unicode.encoding" value="UnicodeLittle"/>
    <property name="XDG_MENU_PREFIX" value="gnome-"/>
    <property name="awt.toolkit" value="sun.awt.X11.XToolkit"/>
    <property name="IMSETTINGS_MODULE" value="none"/>
    <property name="LOGNAME" value="train"/>
    <property name="XRDP_PULSE_SOURCE_SOCKET" value="xrdp_chansrv_audio_in_socket_11"/>
    <property name="HOME" value="/home/train"/>
    <property name="XMODIFIERS" value="@im=none"/>
    <property name="user.home" value="/home/train"/>
    <property name="BUILD_TAG" value="jenkins-simplemavenproject-1"/>
    <property name="JENKINS_SERVER_COOKIE" value="bf6911f5003af58b"/>
    <property name="GNOME_SHELL_SESSION_MODE" value="classic"/>
    <property name="HUDSON_URL" value="http://localhost:9090/"/>
    <property name="DBUS_SESSION_BUS_ADDRESS" value="unix:abstract=/tmp/dbus-jVccmSEEGJ,guid=6b54fc1a73acd8dc7c3355125d5b76b0"/>
    <property name="java.specification.vendor" value="Oracle Corporation"/>
    <property name="XDG_SESSION_ID" value="c10"/>
    <property name="CLASSPATH" value=""/>
    <property name="java.vendor.url" value="http://java.oracle.com/"/>
    <property name="java.library.path" value="/usr/java/packages/lib/amd64:/usr/lib64:/lib64:/lib:/usr/lib"/>
    <property name="https_proxy" value="http://10.19.16.165:8080"/>
    <property name="java.vm.vendor" value="Oracle Corporation"/>
    <property name="HISTSIZE" value="1000"/>
    <property name="java.runtime.name" value="OpenJDK Runtime Environment"/>
    <property name="maven.home" value="/home/train/Downloads/apache-maven-3.6.1"/>
    <property name="java.class.path" value="/home/train/.jenkins/plugins/maven-plugin/WEB-INF/lib/maven35-agent-1.13.jar:/home/train/Downloads/apache-maven-3.6.1/boot/plexus-classworlds-2.6.0.jar:/home/train/Downloads/apache-maven-3.6.1/conf/logging"/>
    <property name="sun.java.command" value="jenkins.maven3.agent.Maven35Main /home/train/Downloads/apache-maven-3.6.1 /home/train/.jenkins/war/WEB-INF/lib/remoting-3.29.jar /home/train/.jenkins/plugins/maven-plugin/WEB-INF/lib/maven35-interceptor-1.13.jar /home/train/.jenkins/plugins/maven-plugin/WEB-INF/lib/maven3-interceptor-commons-1.13.jar 41784"/>
    <property name="java.vm.specification.name" value="Java Virtual Machine Specification"/>
    <property name="PATH+JDK" value="/usr/lib/jvm/java-1.8.0-openjdk-1.8.0.212.b04-0.el7_6.x86_64/bin"/>
    <property name="GJS_DEBUG_TOPICS" value="JS ERROR;JS LOG"/>
    <property name="java.vm.specification.version" value="1.8"/>
    <property name="sun.os.patch.level" value="unknown"/>
    <property name="sun.cpu.endian" value="little"/>
    <property name="M2_HOME" value="/home/train/Downloads/apache-maven-3.6.1"/>
    <property name="MAIL" value="/var/spool/mail/train"/>
    <property name="VTE_VERSION" value="5202"/>
    <property name="XDG_CURRENT_DESKTOP" value="GNOME"/>
    <property name="java.io.tmpdir" value="/tmp"/>
    <property name="HOSTNAME" value="TRN5531"/>
    <property name="HUDSON_HOME" value="/home/train/.jenkins"/>
    <property name="PATH+MAVEN" value="/home/train/Downloads/apache-maven-3.6.1/bin"/>
    <property name="BUILD_URL" value="http://localhost:9090/job/simplemavenproject/1/"/>
    <property name="GJS_DEBUG_OUTPUT" value="stderr"/>
    <property name="java.vendor.url.bug" value="http://bugreport.sun.com/bugreport/"/>
    <property name="LS_COLORS" value="rs=0:di=38;5;27:ln=38;5;51:mh=44;38;5;15:pi=40;38;5;11:so=38;5;13:do=38;5;5:bd=48;5;232;38;5;11:cd=48;5;232;38;5;3:or=48;5;232;38;5;9:mi=05;48;5;232;38;5;15:su=48;5;196;38;5;15:sg=48;5;11;38;5;16:ca=48;5;196;38;5;226:tw=48;5;10;38;5;16:ow=48;5;10;38;5;21:st=48;5;21;38;5;15:ex=38;5;34:*.tar=38;5;9:*.tgz=38;5;9:*.arc=38;5;9:*.arj=38;5;9:*.taz=38;5;9:*.lha=38;5;9:*.lz4=38;5;9:*.lzh=38;5;9:*.lzma=38;5;9:*.tlz=38;5;9:*.txz=38;5;9:*.tzo=38;5;9:*.t7z=38;5;9:*.zip=38;5;9:*.z=38;5;9:*.Z=38;5;9:*.dz=38;5;9:*.gz=38;5;9:*.lrz=38;5;9:*.lz=38;5;9:*.lzo=38;5;9:*.xz=38;5;9:*.bz2=38;5;9:*.bz=38;5;9:*.tbz=38;5;9:*.tbz2=38;5;9:*.tz=38;5;9:*.deb=38;5;9:*.rpm=38;5;9:*.jar=38;5;9:*.war=38;5;9:*.ear=38;5;9:*.sar=38;5;9:*.rar=38;5;9:*.alz=38;5;9:*.ace=38;5;9:*.zoo=38;5;9:*.cpio=38;5;9:*.7z=38;5;9:*.rz=38;5;9:*.cab=38;5;9:*.jpg=38;5;13:*.jpeg=38;5;13:*.gif=38;5;13:*.bmp=38;5;13:*.pbm=38;5;13:*.pgm=38;5;13:*.ppm=38;5;13:*.tga=38;5;13:*.xbm=38;5;13:*.xpm=38;5;13:*.tif=38;5;13:*.tiff=38;5;13:*.png=38;5;13:*.svg=38;5;13:*.svgz=38;5;13:*.mng=38;5;13:*.pcx=38;5;13:*.mov=38;5;13:*.mpg=38;5;13:*.mpeg=38;5;13:*.m2v=38;5;13:*.mkv=38;5;13:*.webm=38;5;13:*.ogm=38;5;13:*.mp4=38;5;13:*.m4v=38;5;13:*.mp4v=38;5;13:*.vob=38;5;13:*.qt=38;5;13:*.nuv=38;5;13:*.wmv=38;5;13:*.asf=38;5;13:*.rm=38;5;13:*.rmvb=38;5;13:*.flc=38;5;13:*.avi=38;5;13:*.fli=38;5;13:*.flv=38;5;13:*.gl=38;5;13:*.dl=38;5;13:*.xcf=38;5;13:*.xwd=38;5;13:*.yuv=38;5;13:*.cgm=38;5;13:*.emf=38;5;13:*.axv=38;5;13:*.anx=38;5;13:*.ogv=38;5;13:*.ogx=38;5;13:*.aac=38;5;45:*.au=38;5;45:*.flac=38;5;45:*.mid=38;5;45:*.midi=38;5;45:*.mka=38;5;45:*.mp3=38;5;45:*.mpc=38;5;45:*.ogg=38;5;45:*.ra=38;5;45:*.wav=38;5;45:*.axa=38;5;45:*.oga=38;5;45:*.spx=38;5;45:*.xspf=38;5;45:"/>
    <property name="OLDPWD" value="/home/train"/>
    <property name="GNOME_DESKTOP_SESSION_ID" value="this-is-deprecated"/>
    <property name="PULSE_SCRIPT" value="/etc/xrdp/pulse/default.pa"/>
    <property name="SSH_AUTH_SOCK" value="/tmp/ssh-eqHWabQ1KtF8/agent.14207"/>
    <property name="java.awt.graphicsenv" value="sun.awt.X11GraphicsEnvironment"/>
    <property name="os.arch" value="amd64"/>
    <property name="java.ext.dirs" value="/usr/lib/jvm/java-1.8.0-openjdk-1.8.0.212.b04-0.el7_6.x86_64/jre/lib/ext:/usr/java/packages/lib/ext"/>
    <property name="user.dir" value="/home/train/eclipse-workspace2/maven-demoapp"/>
    <property name="JOB_URL" value="http://localhost:9090/job/simplemavenproject/"/>
    <property name="line.separator" value="
"/>
    <property name="MAVEN_HOME" value="/home/train/Downloads/apache-maven-3.6.1"/>
    <property name="java.vm.name" value="OpenJDK 64-Bit Server VM"/>
    <property name="BUILD_NUMBER" value="1"/>
    <property name="JENKINS_URL" value="http://localhost:9090/"/>
    <property name="COLORTERM" value="truecolor"/>
    <property name="file.encoding" value="UTF-8"/>
    <property name="LANG" value="en_US.UTF-8"/>
    <property name="maven3.interceptor" value="/home/train/.jenkins/plugins/maven-plugin/WEB-INF/lib/maven35-interceptor-1.13.jar"/>
    <property name="GNOME_TERMINAL_SCREEN" value="/org/gnome/Terminal/screen/2addec12_64cf_48a3_a95d_a54cb0ac31d3"/>
    <property name="WORKSPACE" value="/home/train/.jenkins/workspace/simplemavenproject"/>
    <property name="NO_PROXY" value="localhost,127.0.0.0/8,::1"/>
    <property name="maven3.interceptor.common" value="/home/train/.jenkins/plugins/maven-plugin/WEB-INF/lib/maven3-interceptor-commons-1.13.jar"/>
    <property name="XRDP_SOCKET_PATH" value="/tmp/.xrdp"/>
    <property name="IMSETTINGS_INTEGRATE_DESKTOP" value="yes"/>
    <property name="java.specification.version" value="1.8"/>
    <property name="USER" value="train"/>
  </properties>
  <testcase classname="com.training.AppTest" name="stringTest" time="0.001"/>
</testsuite>